<?xml version="1.0" encoding="UTF-8"?>
<!-- Generated by org.testng.reporters.JUnitXMLReporter -->
<testsuite ignored="0" hostname="LAPTOP-22SI24EH" failures="0" tests="3" name="Test1" time="3.193" errors="0" timestamp="2023-04-13T13:08:24 IST">
  <testcase classname="genericutility.Baseclass" name="@BeforeMethod BM" time="0.0">
    <failure type="java.lang.NullPointerException" message="Cannot invoke &amp;quot;org.openqa.selenium.WebDriver.get(String)&amp;quot; because &amp;quot;this.driver&amp;quot; is null">
      <![CDATA[java.lang.NullPointerException: Cannot invoke "org.openqa.selenium.WebDriver.get(String)" because "this.driver" is null
at genericutility.Baseclass.BM(Baseclass.java:76)
at java.base/java.util.ArrayList.forEach(ArrayList.java:1511)
at java.base/java.util.concurrent.FutureTask.run(FutureTask.java:264)
at java.base/java.util.concurrent.ThreadPoolExecutor.runWorker(ThreadPoolExecutor.java:1136)
at java.base/java.util.concurrent.ThreadPoolExecutor$Worker.run(ThreadPoolExecutor.java:635)
at java.base/java.lang.Thread.run(Thread.java:833)
... Removed 22 stack frames]]>
    </failure>
  </testcase> <!-- @BeforeMethod BM -->
  <testcase classname="genericutility.Baseclass" name="@AfterMethod AM" time="-1.681371504125E9">
    <skipped/>
  </testcase> <!-- @AfterMethod AM -->
  <testcase classname="genericutility.Baseclass" name="@BeforeMethod BM" time="-1.681371504128E9">
    <skipped/>
  </testcase> <!-- @BeforeMethod BM -->
  <testcase classname="genericutility.Baseclass" name="@AfterMethod AM" time="-1.68137150414E9">
    <skipped/>
  </testcase> <!-- @AfterMethod AM -->
  <testcase classname="genericutility.Baseclass" name="@BeforeMethod BM" time="-1.681371504145E9">
    <skipped/>
  </testcase> <!-- @BeforeMethod BM -->
  <testcase classname="genericutility.Baseclass" name="@AfterMethod AM" time="-1.681371504149E9">
    <skipped/>
  </testcase> <!-- @AfterMethod AM -->
  <testcase classname="genericutility.Baseclass" name="@AfterClass AC" time="-1.681371504172E9">
    <skipped/>
  </testcase> <!-- @AfterClass AC -->
  <testcase classname="organisation.Createorganisationtests" name="createcampaigntest" time="0.0">
    <skipped/>
  </testcase> <!-- createcampaigntest -->
  <testcase classname="organisation.Createorganisationtests" name="createorganisation" time="0.0">
    <skipped/>
  </testcase> <!-- createorganisation -->
  <testcase classname="organisation.Createorganisationtests" name="method1" time="0.0">
    <skipped/>
  </testcase> <!-- method1 -->
</testsuite> <!-- Test1 -->
