<?xml version="1.0" encoding="UTF-8"?>
<!-- Generated by org.testng.reporters.JUnitXMLReporter -->
<testsuite ignored="0" hostname="LAPTOP-22SI24EH" failures="0" tests="1" name="Testrunner1" time="2.282" errors="0" timestamp="2023-04-13T13:25:38 IST">
  <testcase classname="genericutility.Baseclass" name="@BeforeMethod BM" time="0.001">
    <failure type="java.lang.NullPointerException" message="Cannot invoke &amp;quot;org.openqa.selenium.WebDriver.get(String)&amp;quot; because &amp;quot;this.driver&amp;quot; is null">
      <![CDATA[java.lang.NullPointerException: Cannot invoke "org.openqa.selenium.WebDriver.get(String)" because "this.driver" is null
at genericutility.Baseclass.BM(Baseclass.java:76)
at java.base/java.util.ArrayList.forEach(ArrayList.java:1511)
at java.base/java.util.concurrent.FutureTask.run(FutureTask.java:264)
at java.base/java.util.concurrent.ThreadPoolExecutor.runWorker(ThreadPoolExecutor.java:1136)
at java.base/java.util.concurrent.ThreadPoolExecutor$Worker.run(ThreadPoolExecutor.java:635)
at java.base/java.lang.Thread.run(Thread.java:833)
... Removed 22 stack frames]]>
    </failure>
  </testcase> <!-- @BeforeMethod BM -->
  <testcase classname="genericutility.Baseclass" name="@BeforeMethod BM" time="0.001">
    <failure type="java.lang.NullPointerException" message="Cannot invoke &amp;quot;org.openqa.selenium.WebDriver.get(String)&amp;quot; because &amp;quot;this.driver&amp;quot; is null">
      <![CDATA[java.lang.NullPointerException: Cannot invoke "org.openqa.selenium.WebDriver.get(String)" because "this.driver" is null
at genericutility.Baseclass.BM(Baseclass.java:76)
at java.base/java.util.ArrayList.forEach(ArrayList.java:1511)
at java.base/java.util.concurrent.FutureTask.run(FutureTask.java:264)
at java.base/java.util.concurrent.ThreadPoolExecutor.runWorker(ThreadPoolExecutor.java:1136)
at java.base/java.util.concurrent.ThreadPoolExecutor$Worker.run(ThreadPoolExecutor.java:635)
at java.base/java.lang.Thread.run(Thread.java:833)
... Removed 22 stack frames]]>
    </failure>
  </testcase> <!-- @BeforeMethod BM -->
  <testcase classname="genericutility.Baseclass" name="@AfterMethod AM" time="-1.681372538145E9">
    <skipped/>
  </testcase> <!-- @AfterMethod AM -->
  <testcase classname="genericutility.Baseclass" name="@AfterMethod AM" time="-1.681372538162E9">
    <skipped/>
  </testcase> <!-- @AfterMethod AM -->
  <testcase classname="genericutility.Baseclass" name="@AfterClass AC" time="-1.681372538165E9">
    <skipped/>
  </testcase> <!-- @AfterClass AC -->
  <testcase classname="genericutility.Baseclass" name="@BeforeMethod BM" time="-1.681372538177E9">
    <skipped/>
  </testcase> <!-- @BeforeMethod BM -->
  <testcase classname="genericutility.Baseclass" name="@AfterMethod AM" time="-1.681372538196E9">
    <skipped/>
  </testcase> <!-- @AfterMethod AM -->
  <testcase classname="genericutility.Baseclass" name="@BeforeMethod BM" time="-1.6813725382E9">
    <skipped/>
  </testcase> <!-- @BeforeMethod BM -->
  <testcase classname="genericutility.Baseclass" name="@AfterMethod AM" time="-1.681372538215E9">
    <skipped/>
  </testcase> <!-- @AfterMethod AM -->
  <testcase classname="campaigns.Createcampaigntest" name="createcampaigntest" time="0.0">
    <skipped/>
  </testcase> <!-- createcampaigntest -->
</testsuite> <!-- Testrunner1 -->
