<?xml version="1.0" encoding="UTF-8"?>
<!-- Generated by org.testng.reporters.JUnitXMLReporter -->
<testsuite ignored="0" hostname="LAPTOP-22SI24EH" failures="1" tests="2" name="Test" time="0.083" errors="0" timestamp="2023-04-20T14:28:41 IST">
  <testcase classname="genericutility.Baseclass" name="@BeforeClass BC" time="-1.68198112128E9">
    <failure type="org.testng.TestNGException" message="
Parameter &amp;apos;BROWSER&amp;apos; is required by BeforeClass on method BC but has not been marked @Optional or defined
in C:\Users\suhas\eclipse-workspace\Advselinium\batchtestng.xml">
      <![CDATA[org.testng.TestNGException: 
Parameter 'BROWSER' is required by BeforeClass on method BC but has not been marked @Optional or defined
in C:\Users\suhas\eclipse-workspace\Advselinium\batchtestng.xml
at java.base/java.util.ArrayList.forEach(ArrayList.java:1511)
... Removed 22 stack frames]]>
    </failure>
  </testcase> <!-- @BeforeClass BC -->
  <testcase classname="genericutility.Baseclass" name="@BeforeMethod BM" time="-1.681981121304E9">
    <skipped/>
  </testcase> <!-- @BeforeMethod BM -->
  <testcase classname="genericutility.Baseclass" name="@AfterMethod AM" time="-1.681981121314E9">
    <skipped/>
  </testcase> <!-- @AfterMethod AM -->
  <testcase classname="genericutility.Baseclass" name="@AfterClass AC" time="-1.68198112132E9">
    <skipped/>
  </testcase> <!-- @AfterClass AC -->
  <testcase classname="campaigns.Createcampaigntest" name="createcampaigntest" time="0.0">
    <skipped/>
  </testcase> <!-- createcampaigntest -->
  <testcase classname="organisation.Createorganisationtest" name="Createorganisation" time="0.017">
    <failure type="java.lang.NullPointerException" message="Cannot invoke &amp;quot;String.equalsIgnoreCase(String)&amp;quot; because &amp;quot;Browser&amp;quot; is null">
      <![CDATA[java.lang.NullPointerException: Cannot invoke "String.equalsIgnoreCase(String)" because "Browser" is null
at organisation.Createorganisationtest.Createorganisation(Createorganisationtest.java:22)
at java.base/java.util.ArrayList.forEach(ArrayList.java:1511)
... Removed 27 stack frames]]>
    </failure>
  </testcase> <!-- Createorganisation -->
</testsuite> <!-- Test -->
